<?xml version="1.0" encoding="UTF-8"?>
<!-- Generated by org.testng.reporters.JUnitReportReporter -->
<testsuite skipped="0" hostname="DESKTOP-UNUJP69" name="Selenium_Tests.NewTest" tests="2" failures="0" timestamp="19 Aug 2019 17:25:32 GMT" time="36.376" errors="0">
  <testcase name="verify_Page_Title" time="17.093" classname="Selenium_Tests.NewTest"/>
  <testcase name="verify_Your_Logo_Experience_Logo" time="19.283" classname="Selenium_Tests.NewTest"/>
</testsuite> <!-- Selenium_Tests.NewTest -->
