<?xml version="1.0" encoding="UTF-8"?>
<!-- Generated by org.testng.reporters.JUnitReportReporter -->
<testsuite skipped="0" hostname="DESKTOP-9DBU0J4" name="Selenium_Tests.NewTest" tests="1" failures="0" timestamp="2019-09-05T02:12:17 BDT" time="43.252" errors="0">
  <testcase name="incorrect_login" time="43.252" classname="Selenium_Tests.NewTest"/>
</testsuite> <!-- Selenium_Tests.NewTest -->
