<?xml version="1.0" encoding="UTF-8"?>
<!-- Generated by org.testng.reporters.JUnitReportReporter -->
<testsuite skipped="0" hostname="DESKTOP-UNUJP69" name="Selenium_Tests.HomePageTest" tests="5" failures="0" timestamp="30 Aug 2019 13:55:14 GMT" time="153.322" errors="0">
  <testcase name="is_Sign_Out_Working" time="27.037" classname="Selenium_Tests.HomePageTest"/>
  <testcase name="click_On_Personal_Info" time="26.516" classname="Selenium_Tests.HomePageTest"/>
  <testcase name="Add_to_cart" time="31.507" classname="Selenium_Tests.HomePageTest"/>
  <testcase name="searchBarTest" time="27.824" classname="Selenium_Tests.HomePageTest"/>
  <testcase name="Make_a_purchase" time="40.438" classname="Selenium_Tests.HomePageTest"/>
</testsuite> <!-- Selenium_Tests.HomePageTest -->
