<?xml version="1.0" encoding="UTF-8"?>
<!-- Generated by org.testng.reporters.JUnitReportReporter -->
<testsuite skipped="0" hostname="DESKTOP-UNUJP69" name="Selenium_Tests.HomePageTest" tests="2" failures="0" timestamp="19 Aug 2019 17:21:35 GMT" time="55.197" errors="0">
  <testcase name="is_Sign_Out_Working" time="28.750" classname="Selenium_Tests.HomePageTest"/>
  <testcase name="click_On_Personal_info" time="26.447" classname="Selenium_Tests.HomePageTest"/>
</testsuite> <!-- Selenium_Tests.HomePageTest -->
