<?xml version="1.0" encoding="UTF-8"?>
<!-- Generated by org.testng.reporters.JUnitReportReporter -->
<testsuite skipped="0" hostname="DESKTOP-9DBU0J4" name="Selenium_Tests.HomePageTest" tests="6" failures="0" timestamp="2019-09-05T02:06:49 BDT" time="351.702" errors="0">
  <testcase name="is_Sign_Out_Working" time="51.813" classname="Selenium_Tests.HomePageTest"/>
  <testcase name="click_On_Personal_Info" time="54.446" classname="Selenium_Tests.HomePageTest"/>
  <testcase name="Add_to_cart" time="55.972" classname="Selenium_Tests.HomePageTest"/>
  <testcase name="remove_from_cart" time="56.134" classname="Selenium_Tests.HomePageTest"/>
  <testcase name="searchBarTest" time="48.176" classname="Selenium_Tests.HomePageTest"/>
  <testcase name="Make_a_purchase" time="85.161" classname="Selenium_Tests.HomePageTest"/>
</testsuite> <!-- Selenium_Tests.HomePageTest -->
