<?xml version="1.0" encoding="UTF-8"?>
<!-- Generated by org.testng.reporters.JUnitReportReporter -->
<testsuite skipped="0" hostname="DESKTOP-UNUJP69" name="Selenium_Tests.HomePageTest" tests="1" failures="0" timestamp="03 Sep 2019 11:10:02 GMT" time="27.028" errors="0">
  <testcase name="click_On_Personal_Info" time="27.028" classname="Selenium_Tests.HomePageTest"/>
</testsuite> <!-- Selenium_Tests.HomePageTest -->
