<?xml version="1.0" encoding="UTF-8"?>
<!-- Generated by org.testng.reporters.JUnitReportReporter -->
<testsuite skipped="0" hostname="DESKTOP-UNUJP69" name="Selenium_Tests.HomePageTest" tests="1" failures="0" timestamp="21 Aug 2019 18:57:41 GMT" time="28.516" errors="0">
  <testcase name="Add_to_cart" time="28.516" classname="Selenium_Tests.HomePageTest"/>
</testsuite> <!-- Selenium_Tests.HomePageTest -->
