<?xml version="1.0" encoding="UTF-8"?>
<!-- Generated by org.testng.reporters.JUnitReportReporter -->
<testsuite skipped="0" hostname="DESKTOP-UNUJP69" name="Selenium_Tests.HomePageTest" tests="1" failures="0" timestamp="30 Aug 2019 13:18:41 GMT" time="28.210" errors="0">
  <testcase name="searchBarTest" time="28.210" classname="Selenium_Tests.HomePageTest"/>
</testsuite> <!-- Selenium_Tests.HomePageTest -->
