<?xml version="1.0" encoding="UTF-8"?>
<!-- Generated by org.testng.reporters.JUnitReportReporter -->
<testsuite skipped="0" hostname="DESKTOP-UNUJP69" name="Selenium_Tests.NewTest" tests="2" failures="0" timestamp="19 Aug 2019 16:26:58 GMT" time="33.438" errors="0">
  <testcase name="verify_Page_Title" time="16.692" classname="Selenium_Tests.NewTest"/>
  <testcase name="verify_Page_Logo" time="16.746" classname="Selenium_Tests.NewTest"/>
</testsuite> <!-- Selenium_Tests.NewTest -->
