<?xml version="1.0" encoding="UTF-8"?>
<!-- Generated by org.testng.reporters.JUnitReportReporter -->
<testsuite skipped="0" hostname="DESKTOP-UNUJP69" name="Selenium_Tests.HomePageTest" tests="1" failures="0" timestamp="30 Aug 2019 13:40:24 GMT" time="37.932" errors="0">
  <testcase name="Make_a_purchase" time="37.932" classname="Selenium_Tests.HomePageTest"/>
</testsuite> <!-- Selenium_Tests.HomePageTest -->
