<?xml version="1.0" encoding="UTF-8"?>
<!-- Generated by org.testng.reporters.JUnitReportReporter -->
<testsuite skipped="0" hostname="DESKTOP-UNUJP69" name="Selenium_Tests.NewTest" tests="2" failures="0" timestamp="30 Aug 2019 13:57:30 GMT" time="33.392" errors="0">
  <testcase name="verify_Page_Title" time="16.753" classname="Selenium_Tests.NewTest"/>
  <testcase name="verify_Your_Logo_Experience_Logo" time="16.639" classname="Selenium_Tests.NewTest"/>
</testsuite> <!-- Selenium_Tests.NewTest -->
