<?xml version="1.0" encoding="UTF-8"?>
<!-- Generated by org.testng.reporters.JUnitReportReporter -->
<testsuite skipped="0" hostname="DESKTOP-UNUJP69" name="Selenium_Tests.HomePageTest" tests="1" failures="0" timestamp="02 Sep 2019 14:22:35 GMT" time="33.220" errors="0">
  <testcase name="remove_from_cart" time="33.220" classname="Selenium_Tests.HomePageTest"/>
</testsuite> <!-- Selenium_Tests.HomePageTest -->
